2026-03-29 06:58:58 [ERROR]: Uncaught Exception: EPIPE: broken pipe, write
Error: EPIPE: broken pipe, write
    at Socket._write (node:internal/net:63:18)
    at writeOrBuffer (node:internal/streams/writable:572:12)
    at _write (node:internal/streams/writable:501:10)
    at Writable.write (node:internal/streams/writable:510:10)
    at Array.logRequest (C:\Users\afnle\OneDrive\Desktop\afn-proj\Student-Health-and-Wellness-Portal\Backend\node_modules\morgan\index.js:130:14)
    at listener (C:\Users\afnle\OneDrive\Desktop\afn-proj\Student-Health-and-Wellness-Portal\Backend\node_modules\morgan\node_modules\on-finished\index.js:169:15)
    at onFinish (C:\Users\afnle\OneDrive\Desktop\afn-proj\Student-Health-and-Wellness-Portal\Backend\node_modules\morgan\node_modules\on-finished\index.js:100:5)
    at callback (C:\Users\afnle\OneDrive\Desktop\afn-proj\Student-Health-and-Wellness-Portal\Backend\node_modules\ee-first\index.js:55:10)
    at ServerResponse.onevent (C:\Users\afnle\OneDrive\Desktop\afn-proj\Student-Health-and-Wellness-Portal\Backend\node_modules\ee-first\index.js:93:5)
    at ServerResponse.emit (node:events:530:35)
{
  "errno": -4047,
  "syscall": "write",
  "code": "EPIPE"
}
2026-03-29 09:26:08 [ERROR]: Unhandled Rejection at:
{
  "0": "r",
  "1": "e",
  "2": "a",
  "3": "s",
  "4": "o",
  "5": "n",
  "6": ":"
}
2026-03-29 09:51:30 [ERROR]: Uncaught Exception: EPIPE: broken pipe, write
Error: EPIPE: broken pipe, write
    at Socket._write (node:internal/net:63:18)
    at writeOrBuffer (node:internal/streams/writable:572:12)
    at _write (node:internal/streams/writable:501:10)
    at Writable.write (node:internal/streams/writable:510:10)
    at Array.logRequest (C:\Users\afnle\OneDrive\Desktop\afn-proj\Student-Health-and-Wellness-Portal\Backend\node_modules\morgan\index.js:130:14)
    at listener (C:\Users\afnle\OneDrive\Desktop\afn-proj\Student-Health-and-Wellness-Portal\Backend\node_modules\morgan\node_modules\on-finished\index.js:169:15)
    at onFinish (C:\Users\afnle\OneDrive\Desktop\afn-proj\Student-Health-and-Wellness-Portal\Backend\node_modules\morgan\node_modules\on-finished\index.js:100:5)
    at callback (C:\Users\afnle\OneDrive\Desktop\afn-proj\Student-Health-and-Wellness-Portal\Backend\node_modules\ee-first\index.js:55:10)
    at ServerResponse.onevent (C:\Users\afnle\OneDrive\Desktop\afn-proj\Student-Health-and-Wellness-Portal\Backend\node_modules\ee-first\index.js:93:5)
    at ServerResponse.emit (node:events:530:35)
{
  "errno": -4047,
  "syscall": "write",
  "code": "EPIPE"
}
2026-03-29 13:03:37 [ERROR]: Unhandled Rejection at:
{
  "0": "r",
  "1": "e",
  "2": "a",
  "3": "s",
  "4": "o",
  "5": "n",
  "6": ":"
}
